C:\USERS\-\DESKTOP\SP4\AISTATEPROJECT\DEBUG\AISTATEPROJECT.EXE.EMBED.MANIFEST
C:\USERS\-\DESKTOP\SP4\AISTATEPROJECT\DEBUG\AISTATEPROJECT.EXE.EMBED.MANIFEST.RES
C:\USERS\-\DESKTOP\SP4\AISTATEPROJECT\DEBUG\AISTATEPROJECT.EXE.INTERMEDIATE.MANIFEST
C:\Users\-\Desktop\SP4\AiStateProject\Debug\AiStateProject.vcxprojResolveAssemblyReference.cache
C:\Users\-\Desktop\SP4\AiStateProject\Debug\AiStateProject.write.1.tlog
C:\Users\-\Desktop\SP4\AiStateProject\Debug\AiStateProject_manifest.rc
C:\USERS\-\DESKTOP\SP4\AISTATEPROJECT\DEBUG\BULLET.OBJ
C:\USERS\-\DESKTOP\SP4\AISTATEPROJECT\DEBUG\CAMERA.OBJ
C:\Users\-\Desktop\SP4\AiStateProject\Debug\cl.command.1.tlog
C:\Users\-\Desktop\SP4\AiStateProject\Debug\CL.read.1.tlog
C:\Users\-\Desktop\SP4\AiStateProject\Debug\CL.write.1.tlog
C:\USERS\-\DESKTOP\SP4\AISTATEPROJECT\DEBUG\FRUSTUM.OBJ
C:\USERS\-\DESKTOP\SP4\AISTATEPROJECT\DEBUG\GAMEMENU.OBJ
C:\USERS\-\DESKTOP\SP4\AISTATEPROJECT\DEBUG\GAMESTATEMANAGER.OBJ
C:\USERS\-\DESKTOP\SP4\AISTATEPROJECT\DEBUG\GAMETIME.OBJ
C:\USERS\-\DESKTOP\SP4\AISTATEPROJECT\DEBUG\GLOBAL.OBJ
C:\USERS\-\DESKTOP\SP4\AISTATEPROJECT\DEBUG\GOODIES.OBJ
C:\USERS\-\DESKTOP\SP4\AISTATEPROJECT\DEBUG\GOODIESFACTORY.OBJ
C:\USERS\-\DESKTOP\SP4\AISTATEPROJECT\DEBUG\GUARD.OBJ
C:\USERS\-\DESKTOP\SP4\AISTATEPROJECT\DEBUG\HUD.OBJ
C:\USERS\-\DESKTOP\SP4\AISTATEPROJECT\DEBUG\INVENTORY.OBJ
C:\Users\-\Desktop\SP4\AiStateProject\Debug\link.1484.read.1.tlog
C:\Users\-\Desktop\SP4\AiStateProject\Debug\link.1484.write.1.tlog
C:\Users\-\Desktop\SP4\AiStateProject\Debug\link.1484-cvtres.read.1.tlog
C:\Users\-\Desktop\SP4\AiStateProject\Debug\link.1484-cvtres.write.1.tlog
C:\Users\-\Desktop\SP4\AiStateProject\Debug\link.6600.read.1.tlog
C:\Users\-\Desktop\SP4\AiStateProject\Debug\link.6600.write.1.tlog
C:\Users\-\Desktop\SP4\AiStateProject\Debug\link.6600-cvtres.read.1.tlog
C:\Users\-\Desktop\SP4\AiStateProject\Debug\link.6600-cvtres.write.1.tlog
C:\Users\-\Desktop\SP4\AiStateProject\Debug\link.7908.read.1.tlog
C:\Users\-\Desktop\SP4\AiStateProject\Debug\link.7908.write.1.tlog
C:\Users\-\Desktop\SP4\AiStateProject\Debug\link.7908-cvtres.read.1.tlog
C:\Users\-\Desktop\SP4\AiStateProject\Debug\link.7908-cvtres.write.1.tlog
C:\Users\-\Desktop\SP4\AiStateProject\Debug\link.command.1.tlog
C:\Users\-\Desktop\SP4\AiStateProject\Debug\link.read.1.tlog
C:\Users\-\Desktop\SP4\AiStateProject\Debug\link.write.1.tlog
C:\Users\-\Desktop\SP4\AiStateProject\Debug\link-cvtres.read.1.tlog
C:\Users\-\Desktop\SP4\AiStateProject\Debug\link-cvtres.write.1.tlog
C:\USERS\-\DESKTOP\SP4\AISTATEPROJECT\DEBUG\LUAREADING.OBJ
C:\USERS\-\DESKTOP\SP4\AISTATEPROJECT\DEBUG\MAIN.OBJ
C:\USERS\-\DESKTOP\SP4\AISTATEPROJECT\DEBUG\MAP.OBJ
C:\USERS\-\DESKTOP\SP4\AISTATEPROJECT\DEBUG\MENUSTATE.OBJ
C:\Users\-\Desktop\SP4\AiStateProject\Debug\mt.command.1.tlog
C:\Users\-\Desktop\SP4\AiStateProject\Debug\mt.read.1.tlog
C:\Users\-\Desktop\SP4\AiStateProject\Debug\mt.write.1.tlog
C:\USERS\-\DESKTOP\SP4\AISTATEPROJECT\DEBUG\MYAPPLICATION.OBJ
C:\USERS\-\DESKTOP\SP4\AISTATEPROJECT\DEBUG\PLAYERINFO.OBJ
C:\USERS\-\DESKTOP\SP4\AISTATEPROJECT\DEBUG\PLAYSTATE.OBJ
C:\USERS\-\DESKTOP\SP4\AISTATEPROJECT\DEBUG\RANDOMGENERATOR.OBJ
C:\Users\-\Desktop\SP4\AiStateProject\Debug\rc.command.1.tlog
C:\Users\-\Desktop\SP4\AiStateProject\Debug\rc.read.1.tlog
C:\Users\-\Desktop\SP4\AiStateProject\Debug\rc.write.1.tlog
C:\USERS\-\DESKTOP\SP4\AISTATEPROJECT\DEBUG\SHOTS.OBJ
C:\USERS\-\DESKTOP\SP4\AISTATEPROJECT\DEBUG\SPRITE.OBJ
C:\USERS\-\DESKTOP\SP4\AISTATEPROJECT\DEBUG\VARIABLE.OBJ
C:\Users\-\Desktop\SP4\AiStateProject\Debug\vc100.idb
C:\USERS\-\DESKTOP\SP4\AISTATEPROJECT\DEBUG\VC100.PDB
C:\USERS\-\DESKTOP\SP4\AISTATEPROJECT\DEBUG\WEAPON.OBJ
C:\USERS\-\DESKTOP\SP4\AISTATEPROJECT\DEBUG\WEAPONMANAGER.OBJ
C:\USERS\-\DESKTOP\SP4\DEBUG\AISTATEPROJECT.EXE
C:\USERS\-\DESKTOP\SP4\DEBUG\AISTATEPROJECT.ILK
C:\USERS\-\DESKTOP\SP4\DEBUG\AISTATEPROJECT.PDB
