Build started 17/2/2015 3:48:46 PM.
     1>Project "C:\Users\-\Desktop\SP4 (tw)\AiStateProject\AiStateProject.vcxproj" on node 2 (build target(s)).
     1>InitializeBuildStatus:
         Creating "Debug\AiStateProject.unsuccessfulbuild" because "AlwaysCreate" was specified.
       ClCompile:
         C:\Program Files (x86)\Microsoft Visual Studio 10.0\VC\bin\CL.exe /c /I"C:\Users\-\Desktop\SP4 (tw)\include" /ZI /nologo /W3 /WX- /Od /Oy- /D WIN32 /D _DEBUG /D _CONSOLE /D _UNICODE /D UNICODE /Gm /EHsc /RTC1 /MDd /GS /fp:precise /Zc:wchar_t /Zc:forScope /Fo"Debug\\" /Fd"Debug\vc100.pdb" /Gd /TP /analyze- /errorReport:prompt PlayerInfo.cpp
         PlayerInfo.cpp
     1>c:\users\-\desktop\sp4 (tw)\aistateproject\function.h(78): warning C4996: 'fopen': This function or variable may be unsafe. Consider using fopen_s instead. To disable deprecation, use _CRT_SECURE_NO_WARNINGS. See online help for details.
                 c:\program files (x86)\microsoft visual studio 10.0\vc\include\stdio.h(234) : see declaration of 'fopen'
     1>c:\users\-\desktop\sp4 (tw)\aistateproject\function.h(173): warning C4996: 'fopen': This function or variable may be unsafe. Consider using fopen_s instead. To disable deprecation, use _CRT_SECURE_NO_WARNINGS. See online help for details.
                 c:\program files (x86)\microsoft visual studio 10.0\vc\include\stdio.h(234) : see declaration of 'fopen'
     1>c:\users\-\desktop\sp4 (tw)\aistateproject\function.h(210): warning C4996: 'sscanf': This function or variable may be unsafe. Consider using sscanf_s instead. To disable deprecation, use _CRT_SECURE_NO_WARNINGS. See online help for details.
                 c:\program files (x86)\microsoft visual studio 10.0\vc\include\stdio.h(325) : see declaration of 'sscanf'
     1>c:\users\-\desktop\sp4 (tw)\aistateproject\function.h(217): warning C4996: 'sscanf': This function or variable may be unsafe. Consider using sscanf_s instead. To disable deprecation, use _CRT_SECURE_NO_WARNINGS. See online help for details.
                 c:\program files (x86)\microsoft visual studio 10.0\vc\include\stdio.h(325) : see declaration of 'sscanf'
     1>c:\users\-\desktop\sp4 (tw)\aistateproject\function.h(224): warning C4996: 'sscanf': This function or variable may be unsafe. Consider using sscanf_s instead. To disable deprecation, use _CRT_SECURE_NO_WARNINGS. See online help for details.
                 c:\program files (x86)\microsoft visual studio 10.0\vc\include\stdio.h(325) : see declaration of 'sscanf'
     1>c:\users\-\desktop\sp4 (tw)\aistateproject\function.h(231): warning C4018: '<' : signed/unsigned mismatch
     1>c:\users\-\desktop\sp4 (tw)\aistateproject\function.h(239): warning C4996: 'strtok': This function or variable may be unsafe. Consider using strtok_s instead. To disable deprecation, use _CRT_SECURE_NO_WARNINGS. See online help for details.
                 c:\program files (x86)\microsoft visual studio 10.0\vc\include\string.h(197) : see declaration of 'strtok'
     1>c:\users\-\desktop\sp4 (tw)\aistateproject\function.h(240): warning C4996: 'strtok': This function or variable may be unsafe. Consider using strtok_s instead. To disable deprecation, use _CRT_SECURE_NO_WARNINGS. See online help for details.
                 c:\program files (x86)\microsoft visual studio 10.0\vc\include\string.h(197) : see declaration of 'strtok'
     1>c:\users\-\desktop\sp4 (tw)\aistateproject\function.h(244): warning C4996: 'sscanf': This function or variable may be unsafe. Consider using sscanf_s instead. To disable deprecation, use _CRT_SECURE_NO_WARNINGS. See online help for details.
                 c:\program files (x86)\microsoft visual studio 10.0\vc\include\stdio.h(325) : see declaration of 'sscanf'
     1>c:\users\-\desktop\sp4 (tw)\aistateproject\playerinfo.cpp(87): warning C4244: 'argument' : conversion from 'double' to 'GLfloat', possible loss of data
     1>c:\users\-\desktop\sp4 (tw)\aistateproject\playerinfo.cpp(89): warning C4244: 'argument' : conversion from 'double' to 'GLfloat', possible loss of data
     1>c:\users\-\desktop\sp4 (tw)\aistateproject\playerinfo.cpp(90): warning C4244: 'argument' : conversion from 'int' to 'GLfloat', possible loss of data
     1>c:\users\-\desktop\sp4 (tw)\aistateproject\playerinfo.cpp(91): warning C4244: 'argument' : conversion from 'double' to 'GLfloat', possible loss of data
     1>c:\users\-\desktop\sp4 (tw)\aistateproject\playerinfo.cpp(92): warning C4244: 'argument' : conversion from 'int' to 'GLfloat', possible loss of data
     1>c:\users\-\desktop\sp4 (tw)\aistateproject\playerinfo.cpp(92): warning C4244: 'argument' : conversion from 'int' to 'GLfloat', possible loss of data
     1>c:\users\-\desktop\sp4 (tw)\aistateproject\playerinfo.cpp(93): warning C4244: 'argument' : conversion from 'double' to 'GLfloat', possible loss of data
     1>c:\users\-\desktop\sp4 (tw)\aistateproject\playerinfo.cpp(94): warning C4244: 'argument' : conversion from 'int' to 'GLfloat', possible loss of data
     1>c:\users\-\desktop\sp4 (tw)\aistateproject\playerinfo.cpp(98): warning C4244: 'argument' : conversion from 'double' to 'GLfloat', possible loss of data
     1>c:\users\-\desktop\sp4 (tw)\aistateproject\playerinfo.cpp(100): warning C4244: 'argument' : conversion from 'double' to 'GLfloat', possible loss of data
     1>c:\users\-\desktop\sp4 (tw)\aistateproject\playerinfo.cpp(101): warning C4244: 'argument' : conversion from 'int' to 'GLfloat', possible loss of data
     1>c:\users\-\desktop\sp4 (tw)\aistateproject\playerinfo.cpp(102): warning C4244: 'argument' : conversion from 'double' to 'GLfloat', possible loss of data
     1>c:\users\-\desktop\sp4 (tw)\aistateproject\playerinfo.cpp(103): warning C4244: 'argument' : conversion from 'int' to 'GLfloat', possible loss of data
     1>c:\users\-\desktop\sp4 (tw)\aistateproject\playerinfo.cpp(103): warning C4244: 'argument' : conversion from 'int' to 'GLfloat', possible loss of data
     1>c:\users\-\desktop\sp4 (tw)\aistateproject\playerinfo.cpp(104): warning C4244: 'argument' : conversion from 'double' to 'GLfloat', possible loss of data
     1>c:\users\-\desktop\sp4 (tw)\aistateproject\playerinfo.cpp(105): warning C4244: 'argument' : conversion from 'int' to 'GLfloat', possible loss of data
     1>c:\users\-\desktop\sp4 (tw)\aistateproject\playerinfo.cpp(117): warning C4244: '=' : conversion from 'int' to 'float', possible loss of data
     1>c:\users\-\desktop\sp4 (tw)\aistateproject\playerinfo.cpp(122): warning C4244: '=' : conversion from 'int' to 'float', possible loss of data
     1>c:\users\-\desktop\sp4 (tw)\aistateproject\playerinfo.cpp(128): warning C4244: 'return' : conversion from 'float' to 'int', possible loss of data
     1>c:\users\-\desktop\sp4 (tw)\aistateproject\playerinfo.cpp(133): warning C4244: 'return' : conversion from 'float' to 'int', possible loss of data
     1>c:\users\-\desktop\sp4 (tw)\aistateproject\playerinfo.cpp(185): warning C4244: '=' : conversion from 'int' to 'float', possible loss of data
     1>c:\users\-\desktop\sp4 (tw)\aistateproject\playerinfo.cpp(192): warning C4244: '=' : conversion from 'int' to 'float', possible loss of data
     1>c:\users\-\desktop\sp4 (tw)\aistateproject\playerinfo.cpp(200): warning C4244: '=' : conversion from 'int' to 'float', possible loss of data
     1>c:\users\-\desktop\sp4 (tw)\aistateproject\playerinfo.cpp(207): warning C4244: '=' : conversion from 'int' to 'float', possible loss of data
     1>c:\users\-\desktop\sp4 (tw)\aistateproject\playerinfo.cpp(407): warning C4244: '=' : conversion from 'int' to 'float', possible loss of data
     1>c:\users\-\desktop\sp4 (tw)\aistateproject\playerinfo.cpp(408): warning C4244: '=' : conversion from 'int' to 'float', possible loss of data
     1>c:\users\-\desktop\sp4 (tw)\aistateproject\playerinfo.cpp(463): warning C4172: returning address of local variable or temporary
         All outputs are up-to-date.
       ManifestResourceCompile:
         All outputs are up-to-date.
       Link:
         C:\Program Files (x86)\Microsoft Visual Studio 10.0\VC\bin\link.exe /ERRORREPORT:PROMPT /OUT:"C:\Users\-\Desktop\SP4 (tw)\Debug\AiStateProject.exe" /INCREMENTAL /NOLOGO /LIBPATH:"C:\Users\-\Desktop\SP4 (tw)\lib" freeglut.lib winmm.lib lua5.1.lib kernel32.lib user32.lib gdi32.lib winspool.lib comdlg32.lib advapi32.lib shell32.lib ole32.lib oleaut32.lib uuid.lib odbc32.lib odbccp32.lib /MANIFEST /ManifestFile:"Debug\AiStateProject.exe.intermediate.manifest" /MANIFESTUAC:"level='asInvoker' uiAccess='false'" /DEBUG /PDB:"C:\Users\-\Desktop\SP4 (tw)\Debug\AiStateProject.pdb" /SUBSYSTEM:CONSOLE /TLBID:1 /DYNAMICBASE /NXCOMPAT /IMPLIB:"C:\Users\-\Desktop\SP4 (tw)\Debug\AiStateProject.lib" /MACHINE:X86 Debug\AiStateProject.exe.embed.manifest.res
         Debug\Camera.obj
         Debug\Enemy.obj
         Debug\Frustum.obj
         Debug\GameStateManager.obj
         Debug\GameTime.obj
         Debug\Global.obj
         Debug\Goodies.obj
         Debug\GoodiesFactory.obj
         Debug\LuaReading.obj
         Debug\main.obj
         Debug\Map.obj
         Debug\MenuState.obj
         Debug\myapplication.obj
         Debug\ObjectModel.obj
         Debug\ObjLoader.obj
         Debug\tgaLoader.obj
         Debug\Player.obj
         Debug\PlayerInfo.obj
         Debug\PlayState.obj
         Debug\RandomGenerator.obj
         Debug\Group.obj
         Debug\Instance.obj
         Debug\Matrix4x4.obj
         Debug\Model.obj
         Debug\Node.obj
         Debug\Transform.obj
         Debug\Shots.obj
         Debug\Grid.obj
         Debug\SpatialPartition.obj
         Debug\Sprite.obj
         Debug\Variable.obj
         Debug\Weapon.obj
       Manifest:
         C:\Program Files (x86)\Microsoft SDKs\Windows\v7.0A\bin\mt.exe /nologo /verbose /out:"Debug\AiStateProject.exe.embed.manifest" /manifest Debug\AiStateProject.exe.intermediate.manifest
         All outputs are up-to-date.
       LinkEmbedManifest:
         All outputs are up-to-date.
         AiStateProject.vcxproj -> C:\Users\-\Desktop\SP4 (tw)\Debug\AiStateProject.exe
       FinalizeBuildStatus:
         Deleting file "Debug\AiStateProject.unsuccessfulbuild".
         Touching "Debug\AiStateProject.lastbuildstate".
     1>Done Building Project "C:\Users\-\Desktop\SP4 (tw)\AiStateProject\AiStateProject.vcxproj" (build target(s)).

Build succeeded.

Time Elapsed 00:00:01.53
